# Logfile created on 2014-04-03 12:01:49 +0800 by logger.rb/31641
I, [2014-04-03T12:01:49.735015 #2290]  INFO -- : 0:  addressable (2.3.6) from /Users/wayne/.rvm/rubies/ruby-1.9.3-p484/lib/ruby/gems/1.9.1/specifications/addressable-2.3.6.gemspec
I, [2014-04-03T12:01:49.735570 #2290]  INFO -- : 0:  atomic (1.1.16) from /Users/wayne/.rvm/rubies/ruby-1.9.3-p484/lib/ruby/gems/1.9.1/specifications/atomic-1.1.16.gemspec
I, [2014-04-03T12:01:49.736003 #2290]  INFO -- : 0:  backports (3.6.0) from /Users/wayne/.rvm/rubies/ruby-1.9.3-p484/lib/ruby/gems/1.9.1/specifications/backports-3.6.0.gemspec
I, [2014-04-03T12:01:49.736416 #2290]  INFO -- : 0:  buftok (0.2.0) from /Users/wayne/.rvm/rubies/ruby-1.9.3-p484/lib/ruby/gems/1.9.1/specifications/buftok-0.2.0.gemspec
I, [2014-04-03T12:01:49.736808 #2290]  INFO -- : 0:  coffee-script-source (1.7.0) from /Users/wayne/.rvm/rubies/ruby-1.9.3-p484/lib/ruby/gems/1.9.1/specifications/coffee-script-source-1.7.0.gemspec
I, [2014-04-03T12:01:49.737189 #2290]  INFO -- : 0:  execjs (2.0.2) from /Users/wayne/.rvm/rubies/ruby-1.9.3-p484/lib/ruby/gems/1.9.1/specifications/execjs-2.0.2.gemspec
I, [2014-04-03T12:01:49.737572 #2290]  INFO -- : 0:  coffee-script (2.2.0) from /Users/wayne/.rvm/rubies/ruby-1.9.3-p484/lib/ruby/gems/1.9.1/specifications/coffee-script-2.2.0.gemspec
I, [2014-04-03T12:01:49.737949 #2290]  INFO -- : 0:  daemons (1.1.9) from /Users/wayne/.rvm/rubies/ruby-1.9.3-p484/lib/ruby/gems/1.9.1/specifications/daemons-1.1.9.gemspec
I, [2014-04-03T12:01:49.738334 #2290]  INFO -- : 0:  rack (1.5.2) from /Users/wayne/.rvm/rubies/ruby-1.9.3-p484/lib/ruby/gems/1.9.1/specifications/rack-1.5.2.gemspec
I, [2014-04-03T12:01:49.738754 #2290]  INFO -- : 0:  thread_safe (0.3.1) from /Users/wayne/.rvm/rubies/ruby-1.9.3-p484/lib/ruby/gems/1.9.1/specifications/thread_safe-0.3.1.gemspec
I, [2014-04-03T12:02:07.519727 #2290]  INFO -- : 0:  tzinfo (1.1.0) from /Users/wayne/.rvm/rubies/ruby-1.9.3-p484/lib/ruby/gems/1.9.1/specifications/tzinfo-1.1.0.gemspec
I, [2014-04-03T12:02:07.520403 #2290]  INFO -- : 0:  rufus-scheduler (2.0.24) from /Users/wayne/.rvm/rubies/ruby-1.9.3-p484/lib/ruby/gems/1.9.1/specifications/rufus-scheduler-2.0.24.gemspec
I, [2014-04-03T12:02:46.418122 #2290]  INFO -- : 0:  sass (3.3.4) from /Users/wayne/.rvm/rubies/ruby-1.9.3-p484/lib/ruby/gems/1.9.1/specifications/sass-3.3.4.gemspec
I, [2014-04-03T12:02:46.418670 #2290]  INFO -- : 0:  rack-protection (1.5.2) from /Users/wayne/.rvm/rubies/ruby-1.9.3-p484/lib/ruby/gems/1.9.1/specifications/rack-protection-1.5.2.gemspec
I, [2014-04-03T12:02:46.419045 #2290]  INFO -- : 0:  tilt (1.4.1) from /Users/wayne/.rvm/rubies/ruby-1.9.3-p484/lib/ruby/gems/1.9.1/specifications/tilt-1.4.1.gemspec
I, [2014-04-03T12:02:46.419415 #2290]  INFO -- : 0:  sinatra (1.4.4) from /Users/wayne/.rvm/rubies/ruby-1.9.3-p484/lib/ruby/gems/1.9.1/specifications/sinatra-1.4.4.gemspec
I, [2014-04-03T12:02:46.419809 #2290]  INFO -- : 0:  multi_json (1.9.2) from /Users/wayne/.rvm/rubies/ruby-1.9.3-p484/lib/ruby/gems/1.9.1/specifications/multi_json-1.9.2.gemspec
I, [2014-04-03T12:02:46.420174 #2290]  INFO -- : 0:  rack-test (0.6.2) from /Users/wayne/.rvm/rubies/ruby-1.9.3-p484/lib/ruby/gems/1.9.1/specifications/rack-test-0.6.2.gemspec
I, [2014-04-03T12:02:46.420542 #2290]  INFO -- : 0:  sinatra-contrib (1.4.2) from /Users/wayne/.rvm/rubies/ruby-1.9.3-p484/lib/ruby/gems/1.9.1/specifications/sinatra-contrib-1.4.2.gemspec
I, [2014-04-03T12:02:46.420907 #2290]  INFO -- : 0:  hike (1.2.3) from /Users/wayne/.rvm/rubies/ruby-1.9.3-p484/lib/ruby/gems/1.9.1/specifications/hike-1.2.3.gemspec
I, [2014-04-03T12:02:50.649275 #2290]  INFO -- : 0:  sprockets (2.12.0) from /Users/wayne/.rvm/rubies/ruby-1.9.3-p484/lib/ruby/gems/1.9.1/specifications/sprockets-2.12.0.gemspec
I, [2014-04-03T12:02:50.650021 #2290]  INFO -- : 0:  eventmachine (1.0.3) from /Users/wayne/.rvm/rubies/ruby-1.9.3-p484/lib/ruby/gems/1.9.1/specifications/eventmachine-1.0.3.gemspec
I, [2014-04-03T12:02:50.650462 #2290]  INFO -- : 0:  thin (1.6.2) from /Users/wayne/.rvm/rubies/ruby-1.9.3-p484/lib/ruby/gems/1.9.1/specifications/thin-1.6.2.gemspec
I, [2014-04-03T12:02:50.650915 #2290]  INFO -- : 0:  thor (0.19.1) from /Users/wayne/.rvm/rubies/ruby-1.9.3-p484/lib/ruby/gems/1.9.1/specifications/thor-0.19.1.gemspec
I, [2014-04-03T12:02:50.651335 #2290]  INFO -- : 0:  dashing (1.3.2) from /Users/wayne/.rvm/rubies/ruby-1.9.3-p484/lib/ruby/gems/1.9.1/specifications/dashing-1.3.2.gemspec
I, [2014-04-03T12:02:50.651751 #2290]  INFO -- : 0:  equalizer (0.0.9) from /Users/wayne/.rvm/rubies/ruby-1.9.3-p484/lib/ruby/gems/1.9.1/specifications/equalizer-0.0.9.gemspec
I, [2014-04-03T12:02:53.994015 #2290]  INFO -- : 0:  multipart-post (2.0.0) from /Users/wayne/.rvm/rubies/ruby-1.9.3-p484/lib/ruby/gems/1.9.1/specifications/multipart-post-2.0.0.gemspec
I, [2014-04-03T12:02:58.240398 #2290]  INFO -- : 0:  faraday (0.9.0) from /Users/wayne/.rvm/rubies/ruby-1.9.3-p484/lib/ruby/gems/1.9.1/specifications/faraday-0.9.0.gemspec
I, [2014-04-03T12:03:11.267888 #2290]  INFO -- : 0:  http_parser.rb (0.6.0) from /Users/wayne/.rvm/rubies/ruby-1.9.3-p484/lib/ruby/gems/1.9.1/specifications/http_parser.rb-0.6.0.gemspec
I, [2014-04-03T12:03:14.362191 #2290]  INFO -- : 0:  http (0.5.0) from /Users/wayne/.rvm/rubies/ruby-1.9.3-p484/lib/ruby/gems/1.9.1/specifications/http-0.5.0.gemspec
I, [2014-04-03T12:03:14.362729 #2290]  INFO -- : 0:  json (1.8.1) from /Users/wayne/.rvm/rubies/ruby-1.9.3-p484/lib/ruby/gems/1.9.1/specifications/json-1.8.1.gemspec
I, [2014-04-03T12:03:17.153216 #2290]  INFO -- : 0:  memoizable (0.4.2) from /Users/wayne/.rvm/rubies/ruby-1.9.3-p484/lib/ruby/gems/1.9.1/specifications/memoizable-0.4.2.gemspec
I, [2014-04-03T12:03:20.519363 #2290]  INFO -- : 0:  naught (1.0.0) from /Users/wayne/.rvm/rubies/ruby-1.9.3-p484/lib/ruby/gems/1.9.1/specifications/naught-1.0.0.gemspec
I, [2014-04-03T12:03:23.632368 #2290]  INFO -- : 0:  simple_oauth (0.2.0) from /Users/wayne/.rvm/rubies/ruby-1.9.3-p484/lib/ruby/gems/1.9.1/specifications/simple_oauth-0.2.0.gemspec
I, [2014-04-03T12:03:40.758071 #2290]  INFO -- : 0:  twitter (5.8.0) from /Users/wayne/.rvm/rubies/ruby-1.9.3-p484/lib/ruby/gems/1.9.1/specifications/twitter-5.8.0.gemspec
I, [2014-04-03T12:03:40.786486 #2290]  INFO -- : 0:  bundler (1.5.1) from /Users/wayne/.rvm/rubies/ruby-1.9.3-p484/lib/ruby/gems/1.9.1/specifications/bundler-1.5.1.gemspec
I, [2014-04-03T12:08:37.689597 #2409]  INFO -- : 0:  addressable (2.3.6) from /Users/wayne/.rvm/rubies/ruby-1.9.3-p484/lib/ruby/gems/1.9.1/specifications/addressable-2.3.6.gemspec
I, [2014-04-03T12:08:37.690130 #2409]  INFO -- : 0:  atomic (1.1.16) from /Users/wayne/.rvm/rubies/ruby-1.9.3-p484/lib/ruby/gems/1.9.1/specifications/atomic-1.1.16.gemspec
I, [2014-04-03T12:08:37.690574 #2409]  INFO -- : 0:  backports (3.6.0) from /Users/wayne/.rvm/rubies/ruby-1.9.3-p484/lib/ruby/gems/1.9.1/specifications/backports-3.6.0.gemspec
I, [2014-04-03T12:08:37.690987 #2409]  INFO -- : 0:  buftok (0.2.0) from /Users/wayne/.rvm/rubies/ruby-1.9.3-p484/lib/ruby/gems/1.9.1/specifications/buftok-0.2.0.gemspec
I, [2014-04-03T12:08:37.691397 #2409]  INFO -- : 0:  coffee-script-source (1.7.0) from /Users/wayne/.rvm/rubies/ruby-1.9.3-p484/lib/ruby/gems/1.9.1/specifications/coffee-script-source-1.7.0.gemspec
I, [2014-04-03T12:08:37.691982 #2409]  INFO -- : 0:  execjs (2.0.2) from /Users/wayne/.rvm/rubies/ruby-1.9.3-p484/lib/ruby/gems/1.9.1/specifications/execjs-2.0.2.gemspec
I, [2014-04-03T12:08:37.692621 #2409]  INFO -- : 0:  coffee-script (2.2.0) from /Users/wayne/.rvm/rubies/ruby-1.9.3-p484/lib/ruby/gems/1.9.1/specifications/coffee-script-2.2.0.gemspec
I, [2014-04-03T12:08:37.693148 #2409]  INFO -- : 0:  daemons (1.1.9) from /Users/wayne/.rvm/rubies/ruby-1.9.3-p484/lib/ruby/gems/1.9.1/specifications/daemons-1.1.9.gemspec
I, [2014-04-03T12:08:37.693863 #2409]  INFO -- : 0:  rack (1.5.2) from /Users/wayne/.rvm/rubies/ruby-1.9.3-p484/lib/ruby/gems/1.9.1/specifications/rack-1.5.2.gemspec
I, [2014-04-03T12:08:37.694578 #2409]  INFO -- : 0:  thread_safe (0.3.1) from /Users/wayne/.rvm/rubies/ruby-1.9.3-p484/lib/ruby/gems/1.9.1/specifications/thread_safe-0.3.1.gemspec
I, [2014-04-03T12:08:37.695145 #2409]  INFO -- : 0:  tzinfo (1.1.0) from /Users/wayne/.rvm/rubies/ruby-1.9.3-p484/lib/ruby/gems/1.9.1/specifications/tzinfo-1.1.0.gemspec
I, [2014-04-03T12:08:37.695640 #2409]  INFO -- : 0:  rufus-scheduler (2.0.24) from /Users/wayne/.rvm/rubies/ruby-1.9.3-p484/lib/ruby/gems/1.9.1/specifications/rufus-scheduler-2.0.24.gemspec
I, [2014-04-03T12:08:37.696013 #2409]  INFO -- : 0:  sass (3.3.4) from /Users/wayne/.rvm/rubies/ruby-1.9.3-p484/lib/ruby/gems/1.9.1/specifications/sass-3.3.4.gemspec
I, [2014-04-03T12:08:37.696380 #2409]  INFO -- : 0:  rack-protection (1.5.2) from /Users/wayne/.rvm/rubies/ruby-1.9.3-p484/lib/ruby/gems/1.9.1/specifications/rack-protection-1.5.2.gemspec
I, [2014-04-03T12:08:37.696703 #2409]  INFO -- : 0:  tilt (1.4.1) from /Users/wayne/.rvm/rubies/ruby-1.9.3-p484/lib/ruby/gems/1.9.1/specifications/tilt-1.4.1.gemspec
I, [2014-04-03T12:08:37.697075 #2409]  INFO -- : 0:  sinatra (1.4.4) from /Users/wayne/.rvm/rubies/ruby-1.9.3-p484/lib/ruby/gems/1.9.1/specifications/sinatra-1.4.4.gemspec
I, [2014-04-03T12:08:37.697425 #2409]  INFO -- : 0:  multi_json (1.9.2) from /Users/wayne/.rvm/rubies/ruby-1.9.3-p484/lib/ruby/gems/1.9.1/specifications/multi_json-1.9.2.gemspec
I, [2014-04-03T12:08:37.697792 #2409]  INFO -- : 0:  rack-test (0.6.2) from /Users/wayne/.rvm/rubies/ruby-1.9.3-p484/lib/ruby/gems/1.9.1/specifications/rack-test-0.6.2.gemspec
I, [2014-04-03T12:08:37.698139 #2409]  INFO -- : 0:  sinatra-contrib (1.4.2) from /Users/wayne/.rvm/rubies/ruby-1.9.3-p484/lib/ruby/gems/1.9.1/specifications/sinatra-contrib-1.4.2.gemspec
I, [2014-04-03T12:08:37.698589 #2409]  INFO -- : 0:  hike (1.2.3) from /Users/wayne/.rvm/rubies/ruby-1.9.3-p484/lib/ruby/gems/1.9.1/specifications/hike-1.2.3.gemspec
I, [2014-04-03T12:08:37.709136 #2409]  INFO -- : 0:  sprockets (2.12.0) from /Users/wayne/.rvm/rubies/ruby-1.9.3-p484/lib/ruby/gems/1.9.1/specifications/sprockets-2.12.0.gemspec
I, [2014-04-03T12:08:37.709557 #2409]  INFO -- : 0:  eventmachine (1.0.3) from /Users/wayne/.rvm/rubies/ruby-1.9.3-p484/lib/ruby/gems/1.9.1/specifications/eventmachine-1.0.3.gemspec
I, [2014-04-03T12:08:37.710050 #2409]  INFO -- : 0:  thin (1.6.2) from /Users/wayne/.rvm/rubies/ruby-1.9.3-p484/lib/ruby/gems/1.9.1/specifications/thin-1.6.2.gemspec
I, [2014-04-03T12:08:37.710712 #2409]  INFO -- : 0:  thor (0.19.1) from /Users/wayne/.rvm/rubies/ruby-1.9.3-p484/lib/ruby/gems/1.9.1/specifications/thor-0.19.1.gemspec
I, [2014-04-03T12:08:37.711265 #2409]  INFO -- : 0:  dashing (1.3.2) from /Users/wayne/.rvm/rubies/ruby-1.9.3-p484/lib/ruby/gems/1.9.1/specifications/dashing-1.3.2.gemspec
I, [2014-04-03T12:08:37.711782 #2409]  INFO -- : 0:  equalizer (0.0.9) from /Users/wayne/.rvm/rubies/ruby-1.9.3-p484/lib/ruby/gems/1.9.1/specifications/equalizer-0.0.9.gemspec
I, [2014-04-03T12:08:37.712182 #2409]  INFO -- : 0:  multipart-post (2.0.0) from /Users/wayne/.rvm/rubies/ruby-1.9.3-p484/lib/ruby/gems/1.9.1/specifications/multipart-post-2.0.0.gemspec
I, [2014-04-03T12:08:37.712532 #2409]  INFO -- : 0:  faraday (0.9.0) from /Users/wayne/.rvm/rubies/ruby-1.9.3-p484/lib/ruby/gems/1.9.1/specifications/faraday-0.9.0.gemspec
I, [2014-04-03T12:08:37.712869 #2409]  INFO -- : 0:  http_parser.rb (0.6.0) from /Users/wayne/.rvm/rubies/ruby-1.9.3-p484/lib/ruby/gems/1.9.1/specifications/http_parser.rb-0.6.0.gemspec
I, [2014-04-03T12:08:37.713197 #2409]  INFO -- : 0:  http (0.5.0) from /Users/wayne/.rvm/rubies/ruby-1.9.3-p484/lib/ruby/gems/1.9.1/specifications/http-0.5.0.gemspec
I, [2014-04-03T12:08:37.713551 #2409]  INFO -- : 0:  json (1.8.1) from /Users/wayne/.rvm/rubies/ruby-1.9.3-p484/lib/ruby/gems/1.9.1/specifications/json-1.8.1.gemspec
I, [2014-04-03T12:08:37.713917 #2409]  INFO -- : 0:  memoizable (0.4.2) from /Users/wayne/.rvm/rubies/ruby-1.9.3-p484/lib/ruby/gems/1.9.1/specifications/memoizable-0.4.2.gemspec
I, [2014-04-03T12:08:37.714220 #2409]  INFO -- : 0:  naught (1.0.0) from /Users/wayne/.rvm/rubies/ruby-1.9.3-p484/lib/ruby/gems/1.9.1/specifications/naught-1.0.0.gemspec
I, [2014-04-03T12:08:37.714580 #2409]  INFO -- : 0:  simple_oauth (0.2.0) from /Users/wayne/.rvm/rubies/ruby-1.9.3-p484/lib/ruby/gems/1.9.1/specifications/simple_oauth-0.2.0.gemspec
I, [2014-04-03T12:08:37.715003 #2409]  INFO -- : 0:  twitter (5.8.0) from /Users/wayne/.rvm/rubies/ruby-1.9.3-p484/lib/ruby/gems/1.9.1/specifications/twitter-5.8.0.gemspec
I, [2014-04-03T12:08:37.715377 #2409]  INFO -- : 0:  bundler (1.5.1) from /Users/wayne/.rvm/rubies/ruby-1.9.3-p484/lib/ruby/gems/1.9.1/specifications/bundler-1.5.1.gemspec
I, [2014-04-04T08:30:48.619867 #8533]  INFO -- : 0:  addressable (2.3.6) from /Users/wayne/.rvm/rubies/ruby-1.9.3-p484/lib/ruby/gems/1.9.1/specifications/addressable-2.3.6.gemspec
I, [2014-04-04T08:30:48.629446 #8533]  INFO -- : 0:  atomic (1.1.16) from /Users/wayne/.rvm/rubies/ruby-1.9.3-p484/lib/ruby/gems/1.9.1/specifications/atomic-1.1.16.gemspec
I, [2014-04-04T08:30:48.630021 #8533]  INFO -- : 0:  backports (3.6.0) from /Users/wayne/.rvm/rubies/ruby-1.9.3-p484/lib/ruby/gems/1.9.1/specifications/backports-3.6.0.gemspec
I, [2014-04-04T08:30:48.630537 #8533]  INFO -- : 0:  buftok (0.2.0) from /Users/wayne/.rvm/rubies/ruby-1.9.3-p484/lib/ruby/gems/1.9.1/specifications/buftok-0.2.0.gemspec
I, [2014-04-04T08:30:48.631108 #8533]  INFO -- : 0:  coffee-script-source (1.7.0) from /Users/wayne/.rvm/rubies/ruby-1.9.3-p484/lib/ruby/gems/1.9.1/specifications/coffee-script-source-1.7.0.gemspec
I, [2014-04-04T08:30:48.631613 #8533]  INFO -- : 0:  execjs (2.0.2) from /Users/wayne/.rvm/rubies/ruby-1.9.3-p484/lib/ruby/gems/1.9.1/specifications/execjs-2.0.2.gemspec
I, [2014-04-04T08:30:48.632047 #8533]  INFO -- : 0:  coffee-script (2.2.0) from /Users/wayne/.rvm/rubies/ruby-1.9.3-p484/lib/ruby/gems/1.9.1/specifications/coffee-script-2.2.0.gemspec
I, [2014-04-04T08:30:48.632512 #8533]  INFO -- : 0:  daemons (1.1.9) from /Users/wayne/.rvm/rubies/ruby-1.9.3-p484/lib/ruby/gems/1.9.1/specifications/daemons-1.1.9.gemspec
I, [2014-04-04T08:30:48.632975 #8533]  INFO -- : 0:  rack (1.5.2) from /Users/wayne/.rvm/rubies/ruby-1.9.3-p484/lib/ruby/gems/1.9.1/specifications/rack-1.5.2.gemspec
I, [2014-04-04T08:30:48.633420 #8533]  INFO -- : 0:  thread_safe (0.3.1) from /Users/wayne/.rvm/rubies/ruby-1.9.3-p484/lib/ruby/gems/1.9.1/specifications/thread_safe-0.3.1.gemspec
I, [2014-04-04T08:30:48.633863 #8533]  INFO -- : 0:  tzinfo (1.1.0) from /Users/wayne/.rvm/rubies/ruby-1.9.3-p484/lib/ruby/gems/1.9.1/specifications/tzinfo-1.1.0.gemspec
I, [2014-04-04T08:30:48.634247 #8533]  INFO -- : 0:  rufus-scheduler (2.0.24) from /Users/wayne/.rvm/rubies/ruby-1.9.3-p484/lib/ruby/gems/1.9.1/specifications/rufus-scheduler-2.0.24.gemspec
I, [2014-04-04T08:30:48.634646 #8533]  INFO -- : 0:  sass (3.3.4) from /Users/wayne/.rvm/rubies/ruby-1.9.3-p484/lib/ruby/gems/1.9.1/specifications/sass-3.3.4.gemspec
I, [2014-04-04T08:30:48.635036 #8533]  INFO -- : 0:  rack-protection (1.5.2) from /Users/wayne/.rvm/rubies/ruby-1.9.3-p484/lib/ruby/gems/1.9.1/specifications/rack-protection-1.5.2.gemspec
I, [2014-04-04T08:30:48.635551 #8533]  INFO -- : 0:  tilt (1.4.1) from /Users/wayne/.rvm/rubies/ruby-1.9.3-p484/lib/ruby/gems/1.9.1/specifications/tilt-1.4.1.gemspec
I, [2014-04-04T08:30:48.636051 #8533]  INFO -- : 0:  sinatra (1.4.4) from /Users/wayne/.rvm/rubies/ruby-1.9.3-p484/lib/ruby/gems/1.9.1/specifications/sinatra-1.4.4.gemspec
I, [2014-04-04T08:30:48.636486 #8533]  INFO -- : 0:  multi_json (1.9.2) from /Users/wayne/.rvm/rubies/ruby-1.9.3-p484/lib/ruby/gems/1.9.1/specifications/multi_json-1.9.2.gemspec
I, [2014-04-04T08:30:48.636916 #8533]  INFO -- : 0:  rack-test (0.6.2) from /Users/wayne/.rvm/rubies/ruby-1.9.3-p484/lib/ruby/gems/1.9.1/specifications/rack-test-0.6.2.gemspec
I, [2014-04-04T08:30:48.637353 #8533]  INFO -- : 0:  sinatra-contrib (1.4.2) from /Users/wayne/.rvm/rubies/ruby-1.9.3-p484/lib/ruby/gems/1.9.1/specifications/sinatra-contrib-1.4.2.gemspec
I, [2014-04-04T08:30:48.637776 #8533]  INFO -- : 0:  hike (1.2.3) from /Users/wayne/.rvm/rubies/ruby-1.9.3-p484/lib/ruby/gems/1.9.1/specifications/hike-1.2.3.gemspec
I, [2014-04-04T08:30:48.638194 #8533]  INFO -- : 0:  sprockets (2.12.0) from /Users/wayne/.rvm/rubies/ruby-1.9.3-p484/lib/ruby/gems/1.9.1/specifications/sprockets-2.12.0.gemspec
I, [2014-04-04T08:30:48.638665 #8533]  INFO -- : 0:  eventmachine (1.0.3) from /Users/wayne/.rvm/rubies/ruby-1.9.3-p484/lib/ruby/gems/1.9.1/specifications/eventmachine-1.0.3.gemspec
I, [2014-04-04T08:30:48.639090 #8533]  INFO -- : 0:  thin (1.6.2) from /Users/wayne/.rvm/rubies/ruby-1.9.3-p484/lib/ruby/gems/1.9.1/specifications/thin-1.6.2.gemspec
I, [2014-04-04T08:30:48.639520 #8533]  INFO -- : 0:  thor (0.19.1) from /Users/wayne/.rvm/rubies/ruby-1.9.3-p484/lib/ruby/gems/1.9.1/specifications/thor-0.19.1.gemspec
I, [2014-04-04T08:30:48.639955 #8533]  INFO -- : 0:  dashing (1.3.2) from /Users/wayne/.rvm/rubies/ruby-1.9.3-p484/lib/ruby/gems/1.9.1/specifications/dashing-1.3.2.gemspec
I, [2014-04-04T08:30:48.640358 #8533]  INFO -- : 0:  equalizer (0.0.9) from /Users/wayne/.rvm/rubies/ruby-1.9.3-p484/lib/ruby/gems/1.9.1/specifications/equalizer-0.0.9.gemspec
I, [2014-04-04T08:30:48.640793 #8533]  INFO -- : 0:  multipart-post (2.0.0) from /Users/wayne/.rvm/rubies/ruby-1.9.3-p484/lib/ruby/gems/1.9.1/specifications/multipart-post-2.0.0.gemspec
I, [2014-04-04T08:30:48.641208 #8533]  INFO -- : 0:  faraday (0.9.0) from /Users/wayne/.rvm/rubies/ruby-1.9.3-p484/lib/ruby/gems/1.9.1/specifications/faraday-0.9.0.gemspec
I, [2014-04-04T08:30:48.641920 #8533]  INFO -- : 0:  http_parser.rb (0.6.0) from /Users/wayne/.rvm/rubies/ruby-1.9.3-p484/lib/ruby/gems/1.9.1/specifications/http_parser.rb-0.6.0.gemspec
I, [2014-04-04T08:30:48.642328 #8533]  INFO -- : 0:  http (0.5.0) from /Users/wayne/.rvm/rubies/ruby-1.9.3-p484/lib/ruby/gems/1.9.1/specifications/http-0.5.0.gemspec
I, [2014-04-04T08:30:48.642755 #8533]  INFO -- : 0:  json (1.8.1) from /Users/wayne/.rvm/rubies/ruby-1.9.3-p484/lib/ruby/gems/1.9.1/specifications/json-1.8.1.gemspec
I, [2014-04-04T08:31:05.032097 #8533]  INFO -- : 0:  kgio (2.9.2) from /Users/wayne/.rvm/rubies/ruby-1.9.3-p484/lib/ruby/gems/1.9.1/specifications/kgio-2.9.2.gemspec
I, [2014-04-04T08:31:05.033054 #8533]  INFO -- : 0:  memoizable (0.4.2) from /Users/wayne/.rvm/rubies/ruby-1.9.3-p484/lib/ruby/gems/1.9.1/specifications/memoizable-0.4.2.gemspec
I, [2014-04-04T08:31:05.033635 #8533]  INFO -- : 0:  naught (1.0.0) from /Users/wayne/.rvm/rubies/ruby-1.9.3-p484/lib/ruby/gems/1.9.1/specifications/naught-1.0.0.gemspec
I, [2014-04-04T08:31:08.200031 #8533]  INFO -- : 0:  raindrops (0.13.0) from /Users/wayne/.rvm/rubies/ruby-1.9.3-p484/lib/ruby/gems/1.9.1/specifications/raindrops-0.13.0.gemspec
I, [2014-04-04T08:31:08.200983 #8533]  INFO -- : 0:  simple_oauth (0.2.0) from /Users/wayne/.rvm/rubies/ruby-1.9.3-p484/lib/ruby/gems/1.9.1/specifications/simple_oauth-0.2.0.gemspec
I, [2014-04-04T08:31:08.201560 #8533]  INFO -- : 0:  twitter (5.8.0) from /Users/wayne/.rvm/rubies/ruby-1.9.3-p484/lib/ruby/gems/1.9.1/specifications/twitter-5.8.0.gemspec
I, [2014-04-04T08:31:12.017010 #8533]  INFO -- : 0:  unicorn (4.8.2) from /Users/wayne/.rvm/rubies/ruby-1.9.3-p484/lib/ruby/gems/1.9.1/specifications/unicorn-4.8.2.gemspec
I, [2014-04-04T08:31:12.017559 #8533]  INFO -- : 0:  bundler (1.5.1) from /Users/wayne/.rvm/rubies/ruby-1.9.3-p484/lib/ruby/gems/1.9.1/specifications/bundler-1.5.1.gemspec
I, [2014-04-10T15:42:34.201333 #3488]  INFO -- : 0:  addressable (2.3.6) from /Users/wayne/.rvm/rubies/ruby-1.9.3-p484/lib/ruby/gems/1.9.1/specifications/addressable-2.3.6.gemspec
I, [2014-04-10T15:42:34.234019 #3488]  INFO -- : 0:  atomic (1.1.16) from /Users/wayne/.rvm/rubies/ruby-1.9.3-p484/lib/ruby/gems/1.9.1/specifications/atomic-1.1.16.gemspec
I, [2014-04-10T15:42:34.234461 #3488]  INFO -- : 0:  backports (3.6.0) from /Users/wayne/.rvm/rubies/ruby-1.9.3-p484/lib/ruby/gems/1.9.1/specifications/backports-3.6.0.gemspec
I, [2014-04-10T15:42:34.234839 #3488]  INFO -- : 0:  buftok (0.2.0) from /Users/wayne/.rvm/rubies/ruby-1.9.3-p484/lib/ruby/gems/1.9.1/specifications/buftok-0.2.0.gemspec
I, [2014-04-10T15:42:34.235211 #3488]  INFO -- : 0:  coffee-script-source (1.7.0) from /Users/wayne/.rvm/rubies/ruby-1.9.3-p484/lib/ruby/gems/1.9.1/specifications/coffee-script-source-1.7.0.gemspec
I, [2014-04-10T15:42:34.235574 #3488]  INFO -- : 0:  execjs (2.0.2) from /Users/wayne/.rvm/rubies/ruby-1.9.3-p484/lib/ruby/gems/1.9.1/specifications/execjs-2.0.2.gemspec
I, [2014-04-10T15:42:34.235960 #3488]  INFO -- : 0:  coffee-script (2.2.0) from /Users/wayne/.rvm/rubies/ruby-1.9.3-p484/lib/ruby/gems/1.9.1/specifications/coffee-script-2.2.0.gemspec
I, [2014-04-10T15:42:34.236316 #3488]  INFO -- : 0:  daemons (1.1.9) from /Users/wayne/.rvm/rubies/ruby-1.9.3-p484/lib/ruby/gems/1.9.1/specifications/daemons-1.1.9.gemspec
I, [2014-04-10T15:42:41.523082 #3488]  INFO -- : 0:  rack (1.4.2) from /Users/wayne/.rvm/rubies/ruby-1.9.3-p484/lib/ruby/gems/1.9.1/specifications/rack-1.4.2.gemspec
I, [2014-04-10T15:42:41.524108 #3488]  INFO -- : 0:  thread_safe (0.3.1) from /Users/wayne/.rvm/rubies/ruby-1.9.3-p484/lib/ruby/gems/1.9.1/specifications/thread_safe-0.3.1.gemspec
I, [2014-04-10T15:42:41.524763 #3488]  INFO -- : 0:  tzinfo (1.1.0) from /Users/wayne/.rvm/rubies/ruby-1.9.3-p484/lib/ruby/gems/1.9.1/specifications/tzinfo-1.1.0.gemspec
I, [2014-04-10T15:42:41.525387 #3488]  INFO -- : 0:  rufus-scheduler (2.0.24) from /Users/wayne/.rvm/rubies/ruby-1.9.3-p484/lib/ruby/gems/1.9.1/specifications/rufus-scheduler-2.0.24.gemspec
I, [2014-04-10T15:42:41.526075 #3488]  INFO -- : 0:  sass (3.3.4) from /Users/wayne/.rvm/rubies/ruby-1.9.3-p484/lib/ruby/gems/1.9.1/specifications/sass-3.3.4.gemspec
I, [2014-04-10T15:42:41.526670 #3488]  INFO -- : 0:  rack-protection (1.5.2) from /Users/wayne/.rvm/rubies/ruby-1.9.3-p484/lib/ruby/gems/1.9.1/specifications/rack-protection-1.5.2.gemspec
I, [2014-04-10T15:42:41.527211 #3488]  INFO -- : 0:  tilt (1.4.1) from /Users/wayne/.rvm/rubies/ruby-1.9.3-p484/lib/ruby/gems/1.9.1/specifications/tilt-1.4.1.gemspec
I, [2014-04-10T15:42:41.527941 #3488]  INFO -- : 0:  sinatra (1.4.4) from /Users/wayne/.rvm/rubies/ruby-1.9.3-p484/lib/ruby/gems/1.9.1/specifications/sinatra-1.4.4.gemspec
I, [2014-04-10T15:42:41.529101 #3488]  INFO -- : 0:  multi_json (1.9.2) from /Users/wayne/.rvm/rubies/ruby-1.9.3-p484/lib/ruby/gems/1.9.1/specifications/multi_json-1.9.2.gemspec
I, [2014-04-10T15:42:41.529832 #3488]  INFO -- : 0:  rack-test (0.6.2) from /Users/wayne/.rvm/rubies/ruby-1.9.3-p484/lib/ruby/gems/1.9.1/specifications/rack-test-0.6.2.gemspec
I, [2014-04-10T15:42:41.530547 #3488]  INFO -- : 0:  sinatra-contrib (1.4.2) from /Users/wayne/.rvm/rubies/ruby-1.9.3-p484/lib/ruby/gems/1.9.1/specifications/sinatra-contrib-1.4.2.gemspec
I, [2014-04-10T15:42:41.531375 #3488]  INFO -- : 0:  hike (1.2.3) from /Users/wayne/.rvm/rubies/ruby-1.9.3-p484/lib/ruby/gems/1.9.1/specifications/hike-1.2.3.gemspec
I, [2014-04-10T15:42:41.531899 #3488]  INFO -- : 0:  sprockets (2.12.0) from /Users/wayne/.rvm/rubies/ruby-1.9.3-p484/lib/ruby/gems/1.9.1/specifications/sprockets-2.12.0.gemspec
I, [2014-04-10T15:42:41.532809 #3488]  INFO -- : 0:  eventmachine (1.0.3) from /Users/wayne/.rvm/rubies/ruby-1.9.3-p484/lib/ruby/gems/1.9.1/specifications/eventmachine-1.0.3.gemspec
I, [2014-04-10T15:42:41.533368 #3488]  INFO -- : 0:  thin (1.6.2) from /Users/wayne/.rvm/rubies/ruby-1.9.3-p484/lib/ruby/gems/1.9.1/specifications/thin-1.6.2.gemspec
I, [2014-04-10T15:42:41.533826 #3488]  INFO -- : 0:  thor (0.19.1) from /Users/wayne/.rvm/rubies/ruby-1.9.3-p484/lib/ruby/gems/1.9.1/specifications/thor-0.19.1.gemspec
I, [2014-04-10T15:42:41.534312 #3488]  INFO -- : 0:  dashing (1.3.2) from /Users/wayne/.rvm/rubies/ruby-1.9.3-p484/lib/ruby/gems/1.9.1/specifications/dashing-1.3.2.gemspec
I, [2014-04-10T15:42:41.534776 #3488]  INFO -- : 0:  equalizer (0.0.9) from /Users/wayne/.rvm/rubies/ruby-1.9.3-p484/lib/ruby/gems/1.9.1/specifications/equalizer-0.0.9.gemspec
I, [2014-04-10T15:42:41.535225 #3488]  INFO -- : 0:  multipart-post (2.0.0) from /Users/wayne/.rvm/rubies/ruby-1.9.3-p484/lib/ruby/gems/1.9.1/specifications/multipart-post-2.0.0.gemspec
I, [2014-04-10T15:42:41.535860 #3488]  INFO -- : 0:  faraday (0.9.0) from /Users/wayne/.rvm/rubies/ruby-1.9.3-p484/lib/ruby/gems/1.9.1/specifications/faraday-0.9.0.gemspec
I, [2014-04-10T15:42:41.536386 #3488]  INFO -- : 0:  http_parser.rb (0.6.0) from /Users/wayne/.rvm/rubies/ruby-1.9.3-p484/lib/ruby/gems/1.9.1/specifications/http_parser.rb-0.6.0.gemspec
I, [2014-04-10T15:42:41.537073 #3488]  INFO -- : 0:  http (0.5.0) from /Users/wayne/.rvm/rubies/ruby-1.9.3-p484/lib/ruby/gems/1.9.1/specifications/http-0.5.0.gemspec
I, [2014-04-10T15:42:41.537794 #3488]  INFO -- : 0:  json (1.8.1) from /Users/wayne/.rvm/rubies/ruby-1.9.3-p484/lib/ruby/gems/1.9.1/specifications/json-1.8.1.gemspec
I, [2014-04-10T15:42:41.538340 #3488]  INFO -- : 0:  kgio (2.9.2) from /Users/wayne/.rvm/rubies/ruby-1.9.3-p484/lib/ruby/gems/1.9.1/specifications/kgio-2.9.2.gemspec
I, [2014-04-10T15:42:41.539089 #3488]  INFO -- : 0:  memoizable (0.4.2) from /Users/wayne/.rvm/rubies/ruby-1.9.3-p484/lib/ruby/gems/1.9.1/specifications/memoizable-0.4.2.gemspec
I, [2014-04-10T15:42:41.539805 #3488]  INFO -- : 0:  naught (1.0.0) from /Users/wayne/.rvm/rubies/ruby-1.9.3-p484/lib/ruby/gems/1.9.1/specifications/naught-1.0.0.gemspec
I, [2014-04-10T15:42:41.540366 #3488]  INFO -- : 0:  raindrops (0.13.0) from /Users/wayne/.rvm/rubies/ruby-1.9.3-p484/lib/ruby/gems/1.9.1/specifications/raindrops-0.13.0.gemspec
I, [2014-04-10T15:42:41.540853 #3488]  INFO -- : 0:  simple_oauth (0.2.0) from /Users/wayne/.rvm/rubies/ruby-1.9.3-p484/lib/ruby/gems/1.9.1/specifications/simple_oauth-0.2.0.gemspec
I, [2014-04-10T15:42:41.541349 #3488]  INFO -- : 0:  twitter (5.8.0) from /Users/wayne/.rvm/rubies/ruby-1.9.3-p484/lib/ruby/gems/1.9.1/specifications/twitter-5.8.0.gemspec
I, [2014-04-10T15:42:41.541871 #3488]  INFO -- : 0:  unicorn (4.8.2) from /Users/wayne/.rvm/rubies/ruby-1.9.3-p484/lib/ruby/gems/1.9.1/specifications/unicorn-4.8.2.gemspec
I, [2014-04-10T15:42:41.542319 #3488]  INFO -- : 0:  bundler (1.5.1) from /Users/wayne/.rvm/rubies/ruby-1.9.3-p484/lib/ruby/gems/1.9.1/specifications/bundler-1.5.1.gemspec
